{
  "RSpec": {
    "coverage": {
      "/Users/nora.vandenheuvel/Makers/bookmark-pair/Bookmark_Manager/spec/setup_test_database.rb": {
        "lines": [
          1,
          null,
          1,
          6,
          null,
          6,
          null,
          null,
          6,
          null
        ]
      },
      "/Users/nora.vandenheuvel/Makers/bookmark-pair/Bookmark_Manager/app.rb": {
        "lines": [
          1,
          1,
          1,
          null,
          1,
          null,
          1,
          null,
          2,
          2,
          2,
          null,
          null,
          1,
          1,
          1,
          1,
          1,
          null,
          null,
          1,
          1,
          null,
          null,
          1,
          null
        ]
      },
      "/Users/nora.vandenheuvel/Makers/bookmark-pair/Bookmark_Manager/lib/bookmarkclass.rb": {
        "lines": [
          1,
          1,
          null,
          1,
          1,
          6,
          null,
          null,
          1,
          5,
          5,
          null,
          0,
          null,
          null,
          5,
          18,
          null,
          null
        ]
      },
      "/Users/nora.vandenheuvel/Makers/bookmark-pair/Bookmark_Manager/spec/bookmarkclass_spec.rb": {
        "lines": [
          1,
          null,
          1,
          5,
          1,
          1,
          null,
          null,
          1,
          1,
          null,
          null,
          1,
          1,
          null,
          1,
          1,
          null,
          null,
          1,
          1,
          1,
          null,
          1,
          1,
          1,
          null,
          null,
          null
        ]
      },
      "/Users/nora.vandenheuvel/Makers/bookmark-pair/Bookmark_Manager/spec/features/creating_bookmarks_spec.rb": {
        "lines": [
          1,
          1,
          1,
          1,
          1,
          null,
          1,
          null,
          null
        ]
      },
      "/Users/nora.vandenheuvel/Makers/bookmark-pair/Bookmark_Manager/spec/features/index_spec.rb": {
        "lines": [
          1,
          null,
          1,
          null,
          1,
          1,
          1,
          1,
          1,
          null,
          1,
          null,
          1,
          null,
          null
        ]
      }
    },
    "timestamp": 1583940264
  }
}
